[debug] [2021-04-03T08:53:25.749Z] ----------------------------------------------------------------------
[debug] [2021-04-03T08:53:25.751Z] Command:       C:\Program Files\nodejs\node.exe C:\Users\gaple\AppData\Roaming\npm\node_modules\firebase-tools\lib\bin\firebase.js init
[debug] [2021-04-03T08:53:25.751Z] CLI Version:   9.8.0
[debug] [2021-04-03T08:53:25.752Z] Platform:      win32
[debug] [2021-04-03T08:53:25.752Z] Node Version:  v14.16.0
[debug] [2021-04-03T08:53:25.754Z] Time:          Sat Apr 03 2021 02:53:25 GMT-0600 (hora estándar central)
[debug] [2021-04-03T08:53:25.754Z] ----------------------------------------------------------------------
[debug] 
[debug] [2021-04-03T08:53:25.761Z] > command requires scopes: ["email","openid","https://www.googleapis.com/auth/cloudplatformprojects.readonly","https://www.googleapis.com/auth/firebase","https://www.googleapis.com/auth/cloud-platform"]
[debug] [2021-04-03T08:53:25.762Z] > authorizing via signed-in user
[info] 
     ######## #### ########  ######## ########     ###     ######  ########
     ##        ##  ##     ## ##       ##     ##  ##   ##  ##       ##
     ######    ##  ########  ######   ########  #########  ######  ######
     ##        ##  ##    ##  ##       ##     ## ##     ##       ## ##
     ##       #### ##     ## ######## ########  ##     ##  ######  ########

You're about to initialize a Firebase project in this directory:

  C:\Users\gaple\Downloads\bicloud.click-main\bicloud.click-main

Before we get started, keep in mind:

  * You are initializing in an existing Firebase project directory

[info] 
=== Project Setup
[info] 
[info] First, let's associate this project directory with a Firebase project.
[info] You can create multiple project aliases by running firebase use --add, 
[info] but for now we'll just set up a default project.
[info] 
[info] i  .firebaserc already has a default project, using bicloud-782d6. 
[debug] [2021-04-03T08:53:33.512Z] > refreshing access token with scopes: []
[debug] [2021-04-03T08:53:33.513Z] >>> HTTP REQUEST POST https://www.googleapis.com/oauth2/v3/token  
 <request body omitted>
[debug] [2021-04-03T08:53:33.769Z] <<< HTTP RESPONSE 200 {"date":"Sat, 03 Apr 2021 08:53:33 GMT","expires":"Mon, 01 Jan 1990 00:00:00 GMT","cache-control":"no-cache, no-store, max-age=0, must-revalidate","pragma":"no-cache","content-type":"application/json; charset=utf-8","vary":"X-Origin, Referer, Origin,Accept-Encoding","server":"scaffolding on HTTPServer2","x-xss-protection":"0","x-frame-options":"SAMEORIGIN","x-content-type-options":"nosniff","alt-svc":"h3-29=\":443\"; ma=2592000,h3-T051=\":443\"; ma=2592000,h3-Q050=\":443\"; ma=2592000,h3-Q046=\":443\"; ma=2592000,h3-Q043=\":443\"; ma=2592000,quic=\":443\"; ma=2592000; v=\"46,43\"","accept-ranges":"none","transfer-encoding":"chunked"}
[debug] [2021-04-03T08:53:33.784Z] >>> [apiv2][query] GET https://firebase.googleapis.com/v1beta1/projects/bicloud-782d6 [none]
[debug] [2021-04-03T08:53:34.072Z] <<< [apiv2][status] GET https://firebase.googleapis.com/v1beta1/projects/bicloud-782d6 200
[debug] [2021-04-03T08:53:34.072Z] <<< [apiv2][body] GET https://firebase.googleapis.com/v1beta1/projects/bicloud-782d6 {"projectId":"bicloud-782d6","projectNumber":"600550859221","displayName":"bicloud","name":"projects/bicloud-782d6","resources":{"hostingSite":"bicloud-782d6","realtimeDatabaseInstance":"bicloud-782d6-default-rtdb","storageBucket":"bicloud-782d6.appspot.com","locationId":"us-central"},"state":"ACTIVE"}
[info] 
=== Hosting Setup
[info] 
[info] Your public directory is the folder (relative to your project directory) that
[info] will contain Hosting assets to be uploaded with firebase deploy. If you
[info] have a build process for your assets, use your build's output directory.
[info] 
